#
# A fatal error has been detected by the Java Runtime Environment:
#
#  EXCEPTION_ACCESS_VIOLATION (0xc0000005) at pc=0x00000001800c1f06, pid=8884, tid=3448
#
# JRE version: Java(TM) SE Runtime Environment (8.0_20-b26) (build 1.8.0_20-b26)
# Java VM: Java HotSpot(TM) 64-Bit Server VM (25.20-b23 mixed mode windows-amd64 compressed oops)
# Problematic frame:
# C  [ig7icd64.dll+0xc1f06]
#
# Failed to write core dump. Minidumps are not enabled by default on client versions of Windows
#
# If you would like to submit a bug report, please visit:
#   http://bugreport.sun.com/bugreport/crash.jsp
# The crash happened outside the Java Virtual Machine in native code.
# See problematic frame for where to report the bug.
#

---------------  T H R E A D  ---------------

Current thread (0x0000000001dff000):  JavaThread "main" [_thread_in_native, id=3448, stack(0x0000000002140000,0x0000000002240000)]

siginfo: ExceptionCode=0xc0000005, reading address 0xffffffffffffffff

Registers:
RAX=0x00000000194a0240, RBX=0xfffe0000000000ff, RCX=0x000000001a328ea8, RDX=0x0000000016f000a8
RSP=0x000000000223ed70, RBP=0x0000000000000001, RSI=0x0000000000000008, RDI=0x000000001a328ea8
R8 =0x0000000016fc5240, R9 =0x00000000000002fe, R10=0x00000000000001ff, R11=0x0000006c01b20010
R12=0x0000000016f000a8, R13=0x0000000000000000, R14=0x000000000223efe0, R15=0x0000000001dff000
RIP=0x00000001800c1f06, EFLAGS=0x0000000000010246

Top of Stack: (sp=0x000000000223ed70)
0x000000000223ed70:   0000000019608890 0000000016f000a8
0x000000000223ed80:   0000000001dff000 000000000223efe0
0x000000000223ed90:   0000000016f000a8 0000000180042dd2
0x000000000223eda0:   000000001a328ea8 00000000000009b0
0x000000000223edb0:   0000000000000000 0000000000000000
0x000000000223edc0:   0000000016f000a8 00000001800766ec
0x000000000223edd0:   000000001a328ea8 000000000223f010
0x000000000223ede0:   0000000016f000a8 0000000019607f30
0x000000000223edf0:   000000001a19f960 000000018036ef96
0x000000000223ee00:   000000001a328e40 00000000772f7851
0x000000000223ee10:   0000000019470870 0000000019470870
0x000000000223ee20:   000000001a19f960 000000018011e729
0x000000000223ee30:   0000000019470830 000000018011db5e
0x000000000223ee40:   0000000000000008 0000000000000000
0x000000000223ee50:   0000000000000000 000000000223f010
0x000000000223ee60:   0000000016f000a8 000000018011c2e3 

Instructions: (pc=0x00000001800c1f06)
0x00000001800c1ee6:   48 8b 01 ff 50 18 48 c7 03 00 00 00 00 48 c7 47
0x00000001800c1ef6:   08 00 00 00 00 48 8b 5c 24 30 48 83 c4 20 5f c3
0x00000001800c1f06:   48 83 3b 00 74 11 48 8b 4b 20 48 8b 01 ff 50 18
0x00000001800c1f16:   48 c7 03 00 00 00 00 48 8b 5c 24 30 48 83 c4 20 


Register to memory mapping:

RAX=0x00000000194a0240 is an unknown value
RBX=0xfffe0000000000ff is an unknown value
RCX=0x000000001a328ea8 is an unknown value
RDX=0x0000000016f000a8 is an unknown value
RSP=0x000000000223ed70 is pointing into the stack for thread: 0x0000000001dff000
RBP=0x0000000000000001 is an unknown value
RSI=0x0000000000000008 is an unknown value
RDI=0x000000001a328ea8 is an unknown value
R8 =0x0000000016fc5240 is an unknown value
R9 =0x00000000000002fe is an unknown value
R10=0x00000000000001ff is an unknown value
R11=0x0000006c01b20010 is an unknown value
R12=0x0000000016f000a8 is an unknown value
R13=0x0000000000000000 is an unknown value
R14=0x000000000223efe0 is pointing into the stack for thread: 0x0000000001dff000
R15=0x0000000001dff000 is a thread


Stack: [0x0000000002140000,0x0000000002240000],  sp=0x000000000223ed70,  free space=1019k
Native frames: (J=compiled Java code, j=interpreted, Vv=VM code, C=native code)
C  [ig7icd64.dll+0xc1f06]
C  [ig7icd64.dll+0x42dd2]
C  [ig7icd64.dll+0x766ec]
C  [ig7icd64.dll+0x36ef96]
C  [ig7icd64.dll+0x11e729]
C  [ig7icd64.dll+0x11c2e3]
C  [ig7icd64.dll+0x1fe443]
C  [opengl32.dll+0x28c50]
C  [glfw.dll+0x80cb]
C  [glfw.dll+0x5ccf]
C  [glfw.dll+0x3b5a]
C  0x000000000282d2ca

Java frames: (J=compiled Java code, j=interpreted, Vv=VM code)
J 813  org.lwjgl.system.JNI.invokePV(JJ)V (0 bytes) @ 0x000000000282d244 [0x000000000282d200+0x44]
j  org.lwjgl.glfw.GLFW.glfwDestroyWindow(J)V+20
j  voxengine.Engine.run()V+56
j  voxengine.Engine.main([Ljava/lang/String;)V+7
v  ~StubRoutines::call_stub

---------------  P R O C E S S  ---------------

Java Threads: ( => current thread )
  0x000000001ab13800 JavaThread "AWT-Windows" daemon [_thread_in_native, id=8384, stack(0x000000001b8b0000,0x000000001b9b0000)]
  0x00000000163af000 JavaThread "Java2D Disposer" daemon [_thread_blocked, id=4360, stack(0x000000001b470000,0x000000001b570000)]
  0x0000000014dbf000 JavaThread "Service Thread" daemon [_thread_blocked, id=5772, stack(0x0000000016cf0000,0x0000000016df0000)]
  0x0000000015fba800 JavaThread "C1 CompilerThread2" daemon [_thread_blocked, id=8468, stack(0x0000000016b80000,0x0000000016c80000)]
  0x0000000015fb8800 JavaThread "C2 CompilerThread1" daemon [_thread_blocked, id=3160, stack(0x0000000016930000,0x0000000016a30000)]
  0x0000000015fb1000 JavaThread "C2 CompilerThread0" daemon [_thread_blocked, id=4420, stack(0x00000000167d0000,0x00000000168d0000)]
  0x0000000015fb0800 JavaThread "Attach Listener" daemon [_thread_blocked, id=8908, stack(0x00000000166a0000,0x00000000167a0000)]
  0x0000000014db2800 JavaThread "Signal Dispatcher" daemon [_thread_blocked, id=3584, stack(0x0000000016530000,0x0000000016630000)]
  0x0000000014d57800 JavaThread "Finalizer" daemon [_thread_blocked, id=7664, stack(0x0000000015eb0000,0x0000000015fb0000)]
  0x0000000014d4e800 JavaThread "Reference Handler" daemon [_thread_blocked, id=3360, stack(0x0000000015d70000,0x0000000015e70000)]
=>0x0000000001dff000 JavaThread "main" [_thread_in_native, id=3448, stack(0x0000000002140000,0x0000000002240000)]

Other Threads:
  0x0000000014d48800 VMThread [stack: 0x0000000015bc0000,0x0000000015cc0000] [id=1972]
  0x0000000016028000 WatcherThread [stack: 0x0000000016e00000,0x0000000016f00000] [id=8792]

VM state:not at safepoint (normal execution)

VM Mutex/Monitor currently owned by a thread: None

Heap:
 PSYoungGen      total 18432K, used 4802K [0x00000000ebc00000, 0x00000000ed080000, 0x0000000100000000)
  eden space 15872K, 14% used [0x00000000ebc00000,0x00000000ebe31ec0,0x00000000ecb80000)
  from space 2560K, 99% used [0x00000000ecb80000,0x00000000ecdfe9c8,0x00000000ece00000)
  to   space 2560K, 0% used [0x00000000ece00000,0x00000000ece00000,0x00000000ed080000)
 ParOldGen       total 42496K, used 1489K [0x00000000c3400000, 0x00000000c5d80000, 0x00000000ebc00000)
  object space 42496K, 3% used [0x00000000c3400000,0x00000000c3574418,0x00000000c5d80000)
 Metaspace       used 11078K, capacity 11292K, committed 11520K, reserved 1060864K
  class space    used 975K, capacity 1024K, committed 1024K, reserved 1048576K

Card table byte_map: [0x00000000118d0000,0x0000000011ac0000] byte_map_base: 0x00000000112b6000

Marking Bits: (ParMarkBitMap*) 0x0000000052b0b460
 Begin Bits: [0x0000000012370000, 0x00000000132a0000)
 End Bits:   [0x00000000132a0000, 0x00000000141d0000)

Polling page: 0x0000000000130000

CodeCache: size=245760Kb used=3255Kb max_used=3262Kb free=242504Kb
 bounds [0x0000000002510000, 0x0000000002850000, 0x0000000011510000]
 total_blobs=1637 nmethods=838 adapters=713
 compilation: enabled

Compilation events (10 events):
Event: 8.813 Thread 0x0000000015fba800  832       3       voxengine.util.Timer::updateUPS (11 bytes)
Event: 8.813 Thread 0x0000000015fba800 nmethod 832 0x0000000002839b90 code [0x0000000002839ce0, 0x0000000002839e30]
Event: 9.398 Thread 0x0000000015fba800  835       3       voxengine.util.Timer::updateFPS (11 bytes)
Event: 9.398 Thread 0x0000000015fba800 nmethod 835 0x00000000028390d0 code [0x0000000002839220, 0x0000000002839370]
Event: 9.398 Thread 0x0000000015fba800  836       3       voxengine.util.Timer::update (46 bytes)
Event: 9.399 Thread 0x0000000015fba800 nmethod 836 0x0000000002838cd0 code [0x0000000002838e60, 0x0000000002839050]
Event: 9.399 Thread 0x0000000015fba800  837       3       org.lwjgl.glfw.GLFW::glfwSwapBuffers (24 bytes)
Event: 9.399 Thread 0x0000000015fba800 nmethod 837 0x0000000002838690 code [0x0000000002838820, 0x0000000002838b58]
Event: 10.496 Thread 0x0000000015fb8800  838       4       voxengine.graphics.Renderer::drawTextureRegion (87 bytes)
Event: 10.521 Thread 0x0000000015fb8800 nmethod 838 0x000000000283ee90 code [0x000000000283f060, 0x0000000002840068]

GC Heap History (2 events):
Event: 2.492 GC heap before
{Heap before GC invocations=1 (full 0):
 PSYoungGen      total 18432K, used 15872K [0x00000000ebc00000, 0x00000000ed080000, 0x0000000100000000)
  eden space 15872K, 100% used [0x00000000ebc00000,0x00000000ecb80000,0x00000000ecb80000)
  from space 2560K, 0% used [0x00000000ece00000,0x00000000ece00000,0x00000000ed080000)
  to   space 2560K, 0% used [0x00000000ecb80000,0x00000000ecb80000,0x00000000ece00000)
 ParOldGen       total 42496K, used 0K [0x00000000c3400000, 0x00000000c5d80000, 0x00000000ebc00000)
  object space 42496K, 0% used [0x00000000c3400000,0x00000000c3400000,0x00000000c5d80000)
 Metaspace       used 10965K, capacity 11164K, committed 11264K, reserved 1058816K
  class space    used 970K, capacity 1024K, committed 1024K, reserved 1048576K
Event: 2.496 GC heap after
Heap after GC invocations=1 (full 0):
 PSYoungGen      total 18432K, used 2554K [0x00000000ebc00000, 0x00000000ed080000, 0x0000000100000000)
  eden space 15872K, 0% used [0x00000000ebc00000,0x00000000ebc00000,0x00000000ecb80000)
  from space 2560K, 99% used [0x00000000ecb80000,0x00000000ecdfe9c8,0x00000000ece00000)
  to   space 2560K, 0% used [0x00000000ece00000,0x00000000ece00000,0x00000000ed080000)
 ParOldGen       total 42496K, used 1489K [0x00000000c3400000, 0x00000000c5d80000, 0x00000000ebc00000)
  object space 42496K, 3% used [0x00000000c3400000,0x00000000c3574418,0x00000000c5d80000)
 Metaspace       used 10965K, capacity 11164K, committed 11264K, reserved 1058816K
  class space    used 970K, capacity 1024K, committed 1024K, reserved 1048576K
}

Deoptimization events (0 events):
No events

Internal exceptions (10 events):
Event: 0.676 Thread 0x0000000001dff000 Exception <a 'java/security/PrivilegedActionException'> (0x00000000ec78f170) thrown at [D:\re\workspace\8-2-build-windows-amd64-cygwin\jdk8u20\1074\hotspot\src\share\vm\prims\jvm.cpp, line 1275]
Event: 0.851 Thread 0x0000000001dff000 Exception <a 'java/io/FileNotFoundException'> (0x00000000ec798388) thrown at [D:\re\workspace\8-2-build-windows-amd64-cygwin\jdk8u20\1074\hotspot\src\share\vm\prims\jni.cpp, line 716]
Event: 0.989 Thread 0x0000000001dff000 Exception <a 'java/io/FileNotFoundException'> (0x00000000ec7accb0) thrown at [D:\re\workspace\8-2-build-windows-amd64-cygwin\jdk8u20\1074\hotspot\src\share\vm\prims\jni.cpp, line 716]
Event: 1.054 Thread 0x0000000001dff000 Exception <a 'java/lang/ClassNotFoundException': java/lang/Null> (0x00000000ec7c72f0) thrown at [D:\re\workspace\8-2-build-windows-amd64-cygwin\jdk8u20\1074\hotspot\src\share\vm\classfile\systemDictionary.cpp, line 202]
Event: 1.075 Thread 0x0000000001dff000 Exception <a 'java/lang/NoSuchFieldError': method resolution failed> (0x00000000ec82a360) thrown at [D:\re\workspace\8-2-build-windows-amd64-cygwin\jdk8u20\1074\hotspot\src\share\vm\prims\methodHandles.cpp, line 1159]
Event: 1.078 Thread 0x0000000001dff000 Exception <a 'java/lang/NoSuchFieldError': method resolution failed> (0x00000000ec838d38) thrown at [D:\re\workspace\8-2-build-windows-amd64-cygwin\jdk8u20\1074\hotspot\src\share\vm\prims\methodHandles.cpp, line 1159]
Event: 1.100 Thread 0x0000000001dff000 Exception <a 'java/lang/NoSuchFieldError': method resolution failed> (0x00000000ec83be98) thrown at [D:\re\workspace\8-2-build-windows-amd64-cygwin\jdk8u20\1074\hotspot\src\share\vm\prims\methodHandles.cpp, line 1159]
Event: 2.366 Thread 0x0000000001dff000 Exception <a 'java/security/PrivilegedActionException'> (0x00000000ec9eb490) thrown at [D:\re\workspace\8-2-build-windows-amd64-cygwin\jdk8u20\1074\hotspot\src\share\vm\prims\jvm.cpp, line 1275]
Event: 2.444 Thread 0x0000000001dff000 Exception <a 'java/security/PrivilegedActionException'> (0x00000000ecb0a658) thrown at [D:\re\workspace\8-2-build-windows-amd64-cygwin\jdk8u20\1074\hotspot\src\share\vm\prims\jvm.cpp, line 1275]
Event: 2.561 Thread 0x0000000001dff000 Exception <a 'java/security/PrivilegedActionException'> (0x00000000ebd9d258) thrown at [D:\re\workspace\8-2-build-windows-amd64-cygwin\jdk8u20\1074\hotspot\src\share\vm\prims\jvm.cpp, line 1275]

Events (10 events):
Event: 3.082 loading class sun/awt/AppContext$6 done
Event: 3.082 loading class java/util/IdentityHashMap$Values
Event: 3.082 loading class java/util/IdentityHashMap$Values done
Event: 3.082 loading class java/util/IdentityHashMap$ValueIterator
Event: 3.083 loading class java/util/IdentityHashMap$IdentityHashMapIterator
Event: 3.083 loading class java/util/IdentityHashMap$IdentityHashMapIterator done
Event: 3.083 loading class java/util/IdentityHashMap$ValueIterator done
Event: 3.083 Thread 0x000000001ab11800 Thread exited: 0x000000001ab11800
Event: 4.170 Executing VM operation: EnableBiasedLocking
Event: 4.170 Executing VM operation: EnableBiasedLocking done


Dynamic libraries:
0x000000013f690000 - 0x000000013f6c4000 	C:\Program Files\Java\jdk1.8.0_20\bin\java.exe
0x0000000077510000 - 0x00000000776b9000 	C:\Windows\SYSTEM32\ntdll.dll
0x00000000772f0000 - 0x000000007740f000 	C:\Windows\system32\kernel32.dll
0x000007fefd330000 - 0x000007fefd39c000 	C:\Windows\system32\KERNELBASE.dll
0x000007fefdf00000 - 0x000007fefdfdb000 	C:\Windows\system32\ADVAPI32.dll
0x000007feff3d0000 - 0x000007feff46f000 	C:\Windows\system32\msvcrt.dll
0x000007fefe260000 - 0x000007fefe27f000 	C:\Windows\SYSTEM32\sechost.dll
0x000007feff470000 - 0x000007feff59d000 	C:\Windows\system32\RPCRT4.dll
0x0000000077410000 - 0x000000007750a000 	C:\Windows\system32\USER32.dll
0x000007feff5a0000 - 0x000007feff607000 	C:\Windows\system32\GDI32.dll
0x000007fefe4f0000 - 0x000007fefe4fe000 	C:\Windows\system32\LPK.dll
0x000007feff300000 - 0x000007feff3c9000 	C:\Windows\system32\USP10.dll
0x000007fefbd10000 - 0x000007fefbf04000 	C:\Windows\WinSxS\amd64_microsoft.windows.common-controls_6595b64144ccf1df_6.0.7601.18837_none_fa3b1e3d17594757\COMCTL32.dll
0x000007feff7a0000 - 0x000007feff811000 	C:\Windows\system32\SHLWAPI.dll
0x000007fefd800000 - 0x000007fefd82e000 	C:\Windows\system32\IMM32.DLL
0x000007fefdb80000 - 0x000007fefdc89000 	C:\Windows\system32\MSCTF.dll
0x000000005baa0000 - 0x000000005bb72000 	C:\Program Files\Java\jdk1.8.0_20\jre\bin\msvcr100.dll
0x0000000052330000 - 0x0000000052b88000 	C:\Program Files\Java\jdk1.8.0_20\jre\bin\server\jvm.dll
0x000007fef7090000 - 0x000007fef7099000 	C:\Windows\system32\WSOCK32.dll
0x000007fefe500000 - 0x000007fefe54d000 	C:\Windows\system32\WS2_32.dll
0x000007fefdef0000 - 0x000007fefdef8000 	C:\Windows\system32\NSI.dll
0x000007fef7cf0000 - 0x000007fef7d2b000 	C:\Windows\system32\WINMM.dll
0x00000000776d0000 - 0x00000000776d7000 	C:\Windows\system32\PSAPI.DLL
0x0000000070f90000 - 0x0000000070f9f000 	C:\Program Files\Java\jdk1.8.0_20\jre\bin\verify.dll
0x0000000062720000 - 0x0000000062748000 	C:\Program Files\Java\jdk1.8.0_20\jre\bin\java.dll
0x000000006ea80000 - 0x000000006ea96000 	C:\Program Files\Java\jdk1.8.0_20\jre\bin\zip.dll
0x000007fefe570000 - 0x000007feff2f9000 	C:\Windows\system32\SHELL32.dll
0x000007fefe280000 - 0x000007fefe483000 	C:\Windows\system32\ole32.dll
0x000007fefd2c0000 - 0x000007fefd2cf000 	C:\Windows\system32\profapi.dll
0x000007fef0ae0000 - 0x000007fef0b69000 	C:\PERSO\madeniaud\java\lwjgl3\native\lwjgl.dll
0x000007fefa610000 - 0x000007fefa613000 	C:\Windows\system32\api-ms-win-core-synch-l1-2-0.DLL
0x000007fef0bb0000 - 0x000007fef0bf1000 	C:\PERSO\madeniaud\java\lwjgl3\native\jemalloc.dll
0x000007fef2850000 - 0x000007fef2888000 	C:\PERSO\madeniaud\java\lwjgl3\native\glfw.dll
0x000007fefbc60000 - 0x000007fefbcb6000 	C:\Windows\system32\uxtheme.dll
0x000007fefbcf0000 - 0x000007fefbd08000 	C:\Windows\system32\dwmapi.dll
0x000007feeeb90000 - 0x000007feeecad000 	C:\Windows\system32\opengl32.dll
0x000007fef2820000 - 0x000007fef284d000 	C:\Windows\system32\GLU32.dll
0x000007feee590000 - 0x000007feee681000 	C:\Windows\system32\DDRAW.dll
0x000007fefb1a0000 - 0x000007fefb1a8000 	C:\Windows\system32\DCIMAN32.dll
0x000007fefe080000 - 0x000007fefe257000 	C:\Windows\system32\SETUPAPI.dll
0x000007fefd2f0000 - 0x000007fefd326000 	C:\Windows\system32\CFGMGR32.dll
0x000007fefd680000 - 0x000007fefd757000 	C:\Windows\system32\OLEAUT32.dll
0x000007fefd5d0000 - 0x000007fefd5ea000 	C:\Windows\system32\DEVOBJ.dll
0x0000000180000000 - 0x0000000181081000 	C:\Windows\system32\ig7icd64.dll
0x000007fefd120000 - 0x000007fefd12f000 	C:\Windows\system32\CRYPTBASE.dll
0x000007fefd760000 - 0x000007fefd7f9000 	C:\Windows\system32\CLBCatQ.DLL
0x000000005b900000 - 0x000000005ba98000 	C:\Program Files\Java\jdk1.8.0_20\jre\bin\awt.dll
0x000000005bbd0000 - 0x000000005bc17000 	C:\Program Files\Java\jdk1.8.0_20\jre\bin\fontmanager.dll
0x0000000069a00000 - 0x0000000069a1a000 	C:\Program Files\Java\jdk1.8.0_20\jre\bin\net.dll
0x000007fefca60000 - 0x000007fefcab5000 	C:\Windows\system32\mswsock.dll
0x000007fefca50000 - 0x000007fefca57000 	C:\Windows\System32\wship6.dll
0x0000000062700000 - 0x0000000062711000 	C:\Program Files\Java\jdk1.8.0_20\jre\bin\nio.dll
0x000000005bb80000 - 0x000000005bbc1000 	C:\Program Files\Java\jdk1.8.0_20\jre\bin\t2k.dll
0x000000005b620000 - 0x000000005b6c2000 	C:\Program Files\Java\jdk1.8.0_20\jre\bin\mlib_image.dll
0x000007fefa890000 - 0x000007fefa9b5000 	C:\Windows\system32\dbghelp.dll

VM Arguments:
jvm_args: -Dfile.encoding=UTF-8 -Djava.library.path=C:\PERSO\madeniaud\java\lwjgl3\native 
java_command: voxengine.Engine
java_class_path (initial): C:\Users\AT347526\Documents\NetBeansProjects\VoxEngine\lib\LWJGL3\lwjgl.jar;C:\Users\AT347526\Documents\NetBeansProjects\VoxEngine\build\classes
Launcher Type: SUN_STANDARD

Environment Variables:
CLASSPATH=.;C:\Program Files (x86)\QuickTime\QTSystem\QTJava.zip
PATH=C:\ProgramData\Oracle\Java\javapath;C:\Windows\system32;C:\Windows;C:\Windows\System32\Wbem;C:\Windows\System32\WindowsPowerShell\v1.0\;C:\Program Files (x86)\QuickTime\QTSystem\;C:\Program Files (x86)\IBM\RationalSDLC\ClearCase\bin;C:\Program Files (x86)\IBM\RationalSDLC\common;C:\Python27;C:\Program Files\TortoiseGit\bin;C:\Program Files (x86)\Git\cmd;C:\Program Files (x86)\CMake\bin;C:\Program Files\1E\NomadBranch\;C:\Program Files (x86)\CodeBlocks\MinGW\bin;C:\Program Files (x86)\Windows Kits\8.1\Windows Performance Toolkit\
USERNAME=AT347526
OS=Windows_NT
PROCESSOR_IDENTIFIER=Intel64 Family 6 Model 58 Stepping 9, GenuineIntel



---------------  S Y S T E M  ---------------

OS: Windows 7 , 64 bit Build 7601 Service Pack 1

CPU:total 4 (4 cores per cpu, 1 threads per core) family 6 model 58 stepping 9, cmov, cx8, fxsr, mmx, sse, sse2, sse3, ssse3, sse4.1, sse4.2, popcnt, avx, aes, clmul, erms, tsc, tscinvbit, tscinv

Memory: 4k page, physical 3977688k(815788k free), swap 7953536k(2950628k free)

vm_info: Java HotSpot(TM) 64-Bit Server VM (25.20-b23) for windows-amd64 JRE (1.8.0_20-b26), built on Jul 30 2014 13:51:23 by "java_re" with MS VC++ 10.0 (VS2010)

time: Mon Oct 26 16:21:52 2015
elapsed time: 13 seconds (0d 0h 0m 13s)

